<?xml version="1.0" encoding="UTF-8"?>
<testsuite xmlns:xsi="http://www.w3.org/2001/XMLSchema-instance" xsi:schemaLocation="https://maven.apache.org/surefire/maven-surefire-plugin/xsd/surefire-test-report.xsd" name="runner.TestRunner" time="98.594" tests="31" errors="0" skipped="0" failures="0">
  <properties>
    <property name="java.runtime.name" value="Java(TM) SE Runtime Environment"/>
    <property name="java.vm.version" value="14.0.2+12-46"/>
    <property name="sun.boot.library.path" value="C:\Program Files\Java\jdk-14.0.2\bin"/>
    <property name="maven.multiModuleProjectDirectory" value="C:\Users\thanh hai nguyen\Downloads\tmp\AssessmentPrj"/>
    <property name="java.vm.vendor" value="Oracle Corporation"/>
    <property name="java.vendor.url" value="https://java.oracle.com/"/>
    <property name="guice.disable.misplaced.annotation.check" value="true"/>
    <property name="path.separator" value=";"/>
    <property name="java.vm.name" value="Java HotSpot(TM) 64-Bit Server VM"/>
    <property name="sun.os.patch.level" value=""/>
    <property name="user.script" value=""/>
    <property name="user.country" value="US"/>
    <property name="sun.java.launcher" value="SUN_STANDARD"/>
    <property name="java.vm.specification.name" value="Java Virtual Machine Specification"/>
    <property name="user.dir" value="C:\Users\thanh hai nguyen\Downloads\tmp\AssessmentPrj"/>
    <property name="java.vm.compressedOopsMode" value="32-bit"/>
    <property name="java.runtime.version" value="14.0.2+12-46"/>
    <property name="os.arch" value="amd64"/>
    <property name="java.io.tmpdir" value="C:\Users\THANHH~1\AppData\Local\Temp\"/>
    <property name="line.separator" value="&#10;"/>
    <property name="java.vm.specification.vendor" value="Oracle Corporation"/>
    <property name="user.variant" value=""/>
    <property name="os.name" value="Windows 10"/>
    <property name="classworlds.conf" value="C:\Users\thanh hai nguyen\eclipse-workspace\.metadata\.plugins\org.eclipse.m2e.launching\launches\m2conf8946698446497761573.tmp"/>
    <property name="sun.jnu.encoding" value="Cp1252"/>
    <property name="java.library.path" value="C:\Program Files\Java\jdk-14.0.2\bin;C:\WINDOWS\Sun\Java\bin;C:\WINDOWS\system32;C:\WINDOWS;C:/Program Files/Java/jdk-14.0.2/bin/server;C:/Program Files/Java/jdk-14.0.2/bin;C:\WINDOWS\system32;C:\WINDOWS;C:\WINDOWS\System32\Wbem;C:\WINDOWS\System32\WindowsPowerShell\v1.0\;C:\WINDOWS\System32\OpenSSH\;C:\Program Files\nodejs\;C:\Program Files\Java\jdk-14.0.2\bin;C:\Program Files\Git\cmd;C:\Users\thanh hai nguyen\AppData\Local\Microsoft\WindowsApps;D:\Microsoft VS Code\bin;C:\Users\thanh hai nguyen\AppData\Roaming\npm;C:\Users\thanh hai nguyen\AppData\Local\GitHubDesktop\bin;C:\Users\thanh hai nguyen\Desktop;;."/>
    <property name="jdk.debug" value="release"/>
    <property name="java.class.version" value="58.0"/>
    <property name="java.specification.name" value="Java Platform API Specification"/>
    <property name="sun.management.compiler" value="HotSpot 64-Bit Tiered Compilers"/>
    <property name="os.version" value="10.0"/>
    <property name="user.home" value="C:\Users\thanh hai nguyen"/>
    <property name="user.timezone" value="Asia/Bangkok"/>
    <property name="file.encoding" value="Cp1252"/>
    <property name="java.specification.version" value="14"/>
    <property name="user.name" value="thanh hai nguyen"/>
    <property name="java.class.path" value="C:\Users\thanh hai nguyen\.p2\pool\plugins\org.eclipse.m2e.maven.runtime_1.16.0.20200610-1735\jars\plexus-classworlds-2.6.0.jar"/>
    <property name="java.vm.specification.version" value="14"/>
    <property name="sun.arch.data.model" value="64"/>
    <property name="sun.java.command" value="org.codehaus.plexus.classworlds.launcher.Launcher -B install"/>
    <property name="java.home" value="C:\Program Files\Java\jdk-14.0.2"/>
    <property name="user.language" value="en"/>
    <property name="java.specification.vendor" value="Oracle Corporation"/>
    <property name="java.vm.info" value="mixed mode, sharing"/>
    <property name="java.version" value="14.0.2"/>
    <property name="java.vendor" value="Oracle Corporation"/>
    <property name="maven.home" value="C:\Users\thanh hai nguyen\Downloads\tmp\AssessmentPrj\EMBEDDED"/>
    <property name="file.separator" value="\"/>
    <property name="java.version.date" value="2020-07-14"/>
    <property name="java.vendor.url.bug" value="https://bugreport.java.com/bugreport/"/>
    <property name="sun.io.unicode.encoding" value="UnicodeLittle"/>
    <property name="sun.cpu.endian" value="little"/>
    <property name="sun.cpu.isalist" value="amd64"/>
  </properties>
  <testcase name="Given User navigate to page &quot;https://anotepad.com/login&quot;" classname="| thanhhai.ng.333@gmail.com | 123456 |" time="0.009"/>
  <testcase name="When User input &quot;thanhhai.ng.333@gmail.com&quot; and &quot;123456&quot;" classname="| thanhhai.ng.333@gmail.com | 123456 |" time="0"/>
  <testcase name="Then User navigate to main page success" classname="| thanhhai.ng.333@gmail.com | 123456 |" time="0.001"/>
  <testcase name="| thanhhai.ng.333@gmail.com | 123456 |" classname="| thanhhai.ng.333@gmail.com | 123456 |" time="0.167"/>
  <testcase name="Given User navigate to page &quot;https://anotepad.com/login&quot;" classname="| blank | blank |" time="0.005"/>
  <testcase name="When User input &quot;blank&quot; and &quot;blank&quot;" classname="| blank | blank |" time="0"/>
  <testcase name="Then User navigate to main page success" classname="| blank | blank |" time="0"/>
  <testcase name="| blank | blank |" classname="| blank | blank |" time="4.338"/>
  <testcase name="Given User navigate to page &quot;https://anotepad.com/login&quot;" classname="| pw blank, invalid username | aaa | blank |" time="0"/>
  <testcase name="When User input &quot;aaa&quot; and &quot;blank&quot;" classname="| pw blank, invalid username | aaa | blank |" time="0"/>
  <testcase name="Then User stay in login page, not login success" classname="| pw blank, invalid username | aaa | blank |" time="0"/>
  <testcase name="| pw blank, invalid username | aaa | blank |" classname="| pw blank, invalid username | aaa | blank |" time="0.299"/>
  <testcase name="Given User navigate to page &quot;https://anotepad.com/login&quot;" classname="| username blank | blank | aaa |" time="0"/>
  <testcase name="When User input &quot;blank&quot; and &quot;aaa&quot;" classname="| username blank | blank | aaa |" time="0.001"/>
  <testcase name="Then User stay in login page, not login success" classname="| username blank | blank | aaa |" time="0"/>
  <testcase name="| username blank | blank | aaa |" classname="| username blank | blank | aaa |" time="4.318"/>
  <testcase name="Given User navigate to page &quot;https://anotepad.com/login&quot;" classname="| pw blank, valid username | aaa@gmail.com | blank |" time="0"/>
  <testcase name="When User input &quot;aaa@gmail.com&quot; and &quot;blank&quot;" classname="| pw blank, valid username | aaa@gmail.com | blank |" time="0"/>
  <testcase name="Then User stay in login page, not login success" classname="| pw blank, valid username | aaa@gmail.com | blank |" time="0"/>
  <testcase name="| pw blank, valid username | aaa@gmail.com | blank |" classname="| pw blank, valid username | aaa@gmail.com | blank |" time="4.332"/>
  <testcase name="Given User navigate to page &quot;https://anotepad.com/login&quot;" classname="| valid username, wrong pass | thanhhai.ng.333@gmail.com | 11111 |" time="0"/>
  <testcase name="When User input &quot;thanhhai.ng.333@gmail.com&quot; and &quot;11111&quot;" classname="| valid username, wrong pass | thanhhai.ng.333@gmail.com | 11111 |" time="0.004"/>
  <testcase name="Then User stay in login page, not login success" classname="| valid username, wrong pass | thanhhai.ng.333@gmail.com | 11111 |" time="0"/>
  <testcase name="| valid username, wrong pass | thanhhai.ng.333@gmail.com | 11111 |" classname="| valid username, wrong pass | thanhhai.ng.333@gmail.com | 11111 |" time="4.083"/>
  <testcase name="Given User navigate to page &quot;https://anotepad.com/login&quot;" classname="Scenario: Create and login with new account" time="0"/>
  <testcase name="And User navigate to create account page" classname="Scenario: Create and login with new account" time="0"/>
  <testcase name="And User create new account with generate username and default PW" classname="Scenario: Create and login with new account" time="0"/>
  <testcase name="When User navigate back to login page" classname="Scenario: Create and login with new account" time="0"/>
  <testcase name="And Login with new create account" classname="Scenario: Create and login with new account" time="0"/>
  <testcase name="Then User navigate to main page success" classname="Scenario: Create and login with new account" time="0"/>
  <testcase name="Scenario: Create and login with new account" classname="Scenario: Create and login with new account" time="4.103"/>
</testsuite>